Start testing: Oct 21 11:34 CEST
----------------------------------------------------------
4/5 Testing: DwarfParserTest.ReadsULEB128Correctly
4/5 Test: DwarfParserTest.ReadsULEB128Correctly
Command: "/home/wojtekmal/informatyka/internships/jetbrains_application_lldb/build/bin/run_tests" "--gtest_filter=DwarfParserTest.ReadsULEB128Correctly"
Directory: /home/wojtekmal/informatyka/internships/jetbrains_application_lldb/build
"DwarfParserTest.ReadsULEB128Correctly" start time: Oct 21 11:34 CEST
Output:
----------------------------------------------------------
Running main() from /home/wojtekmal/informatyka/internships/jetbrains_application_lldb/build/_deps/googletest-src/googletest/src/gtest_main.cc
Note: Google Test filter = DwarfParserTest.ReadsULEB128Correctly
[==========] Running 1 test from 1 test suite.
[----------] Global test environment set-up.
[----------] 1 test from DwarfParserTest
[ RUN      ] DwarfParserTest.ReadsULEB128Correctly
[       OK ] DwarfParserTest.ReadsULEB128Correctly (0 ms)
[----------] 1 test from DwarfParserTest (0 ms total)

[----------] Global test environment tear-down
[==========] 1 test from 1 test suite ran. (0 ms total)
[  PASSED  ] 1 test.
<end of output>
Test time =   0.00 sec
----------------------------------------------------------
Test Passed.
"DwarfParserTest.ReadsULEB128Correctly" end time: Oct 21 11:34 CEST
"DwarfParserTest.ReadsULEB128Correctly" time elapsed: 00:00:00
----------------------------------------------------------

End testing: Oct 21 11:34 CEST
