Start testing: Oct 22 19:53 CEST
----------------------------------------------------------
1/11 Testing: ElfParserTest.HandlesNonexistantExecutable
1/11 Test: ElfParserTest.HandlesNonexistantExecutable
Command: "/home/wojtekmal/informatyka/internships/jetbrains_application_lldb/build/bin/run_tests" "--gtest_filter=ElfParserTest.HandlesNonexistantExecutable"
Directory: /home/wojtekmal/informatyka/internships/jetbrains_application_lldb/build
"ElfParserTest.HandlesNonexistantExecutable" start time: Oct 22 19:53 CEST
Output:
----------------------------------------------------------
Running main() from /home/wojtekmal/informatyka/internships/jetbrains_application_lldb/build/_deps/googletest-src/googletest/src/gtest_main.cc
Note: Google Test filter = ElfParserTest.HandlesNonexistantExecutable
[==========] Running 1 test from 1 test suite.
[----------] Global test environment set-up.
[----------] 1 test from ElfParserTest
[ RUN      ] ElfParserTest.HandlesNonexistantExecutable
[       OK ] ElfParserTest.HandlesNonexistantExecutable (0 ms)
[----------] 1 test from ElfParserTest (0 ms total)

[----------] Global test environment tear-down
[==========] 1 test from 1 test suite ran. (0 ms total)
[  PASSED  ] 1 test.
<end of output>
Test time =   0.00 sec
----------------------------------------------------------
Test Passed.
"ElfParserTest.HandlesNonexistantExecutable" end time: Oct 22 19:53 CEST
"ElfParserTest.HandlesNonexistantExecutable" time elapsed: 00:00:00
----------------------------------------------------------

2/11 Testing: ElfParserTest.CorrectlyFindsSymbolAddress
2/11 Test: ElfParserTest.CorrectlyFindsSymbolAddress
Command: "/home/wojtekmal/informatyka/internships/jetbrains_application_lldb/build/bin/run_tests" "--gtest_filter=ElfParserTest.CorrectlyFindsSymbolAddress"
Directory: /home/wojtekmal/informatyka/internships/jetbrains_application_lldb/build
"ElfParserTest.CorrectlyFindsSymbolAddress" start time: Oct 22 19:53 CEST
Output:
----------------------------------------------------------
Running main() from /home/wojtekmal/informatyka/internships/jetbrains_application_lldb/build/_deps/googletest-src/googletest/src/gtest_main.cc
Note: Google Test filter = ElfParserTest.CorrectlyFindsSymbolAddress
[==========] Running 1 test from 1 test suite.
[----------] Global test environment set-up.
[----------] 1 test from ElfParserTest
[ RUN      ] ElfParserTest.CorrectlyFindsSymbolAddress
Debug info is not present. Assuming that variable is unsigned. Compile with -g to get signed value of variable.
[       OK ] ElfParserTest.CorrectlyFindsSymbolAddress (0 ms)
[----------] 1 test from ElfParserTest (0 ms total)

[----------] Global test environment tear-down
[==========] 1 test from 1 test suite ran. (1 ms total)
[  PASSED  ] 1 test.
<end of output>
Test time =   0.00 sec
----------------------------------------------------------
Test Passed.
"ElfParserTest.CorrectlyFindsSymbolAddress" end time: Oct 22 19:53 CEST
"ElfParserTest.CorrectlyFindsSymbolAddress" time elapsed: 00:00:00
----------------------------------------------------------

3/11 Testing: WatcherTest.TracesIntegerWritesCorrectly
3/11 Test: WatcherTest.TracesIntegerWritesCorrectly
Command: "/home/wojtekmal/informatyka/internships/jetbrains_application_lldb/build/bin/run_tests" "--gtest_filter=WatcherTest.TracesIntegerWritesCorrectly"
Directory: /home/wojtekmal/informatyka/internships/jetbrains_application_lldb/build
"WatcherTest.TracesIntegerWritesCorrectly" start time: Oct 22 19:53 CEST
Output:
----------------------------------------------------------
Running main() from /home/wojtekmal/informatyka/internships/jetbrains_application_lldb/build/_deps/googletest-src/googletest/src/gtest_main.cc
Note: Google Test filter = WatcherTest.TracesIntegerWritesCorrectly
[==========] Running 1 test from 1 test suite.
[----------] Global test environment set-up.
[----------] 1 test from WatcherTest
[ RUN      ] WatcherTest.TracesIntegerWritesCorrectly
Debug info is not present. Assuming that variable is unsigned. Compile with -g to get signed value of variable.
[       OK ] WatcherTest.TracesIntegerWritesCorrectly (22 ms)
[----------] 1 test from WatcherTest (22 ms total)

[----------] Global test environment tear-down
[==========] 1 test from 1 test suite ran. (22 ms total)
[  PASSED  ] 1 test.
<end of output>
Test time =   0.02 sec
----------------------------------------------------------
Test Passed.
"WatcherTest.TracesIntegerWritesCorrectly" end time: Oct 22 19:53 CEST
"WatcherTest.TracesIntegerWritesCorrectly" time elapsed: 00:00:00
----------------------------------------------------------

4/11 Testing: WatcherTest.TracesNegativeIntegersCorrectly
4/11 Test: WatcherTest.TracesNegativeIntegersCorrectly
Command: "/home/wojtekmal/informatyka/internships/jetbrains_application_lldb/build/bin/run_tests" "--gtest_filter=WatcherTest.TracesNegativeIntegersCorrectly"
Directory: /home/wojtekmal/informatyka/internships/jetbrains_application_lldb/build
"WatcherTest.TracesNegativeIntegersCorrectly" start time: Oct 22 19:53 CEST
Output:
----------------------------------------------------------
Running main() from /home/wojtekmal/informatyka/internships/jetbrains_application_lldb/build/_deps/googletest-src/googletest/src/gtest_main.cc
Note: Google Test filter = WatcherTest.TracesNegativeIntegersCorrectly
[==========] Running 1 test from 1 test suite.
[----------] Global test environment set-up.
[----------] 1 test from WatcherTest
[ RUN      ] WatcherTest.TracesNegativeIntegersCorrectly
[       OK ] WatcherTest.TracesNegativeIntegersCorrectly (2 ms)
[----------] 1 test from WatcherTest (2 ms total)

[----------] Global test environment tear-down
[==========] 1 test from 1 test suite ran. (2 ms total)
[  PASSED  ] 1 test.
<end of output>
Test time =   0.01 sec
----------------------------------------------------------
Test Passed.
"WatcherTest.TracesNegativeIntegersCorrectly" end time: Oct 22 19:53 CEST
"WatcherTest.TracesNegativeIntegersCorrectly" time elapsed: 00:00:00
----------------------------------------------------------

5/11 Testing: DwarfParserTest.ReadsULEB128Correctly
5/11 Test: DwarfParserTest.ReadsULEB128Correctly
Command: "/home/wojtekmal/informatyka/internships/jetbrains_application_lldb/build/bin/run_tests" "--gtest_filter=DwarfParserTest.ReadsULEB128Correctly"
Directory: /home/wojtekmal/informatyka/internships/jetbrains_application_lldb/build
"DwarfParserTest.ReadsULEB128Correctly" start time: Oct 22 19:53 CEST
Output:
----------------------------------------------------------
Running main() from /home/wojtekmal/informatyka/internships/jetbrains_application_lldb/build/_deps/googletest-src/googletest/src/gtest_main.cc
Note: Google Test filter = DwarfParserTest.ReadsULEB128Correctly
[==========] Running 1 test from 1 test suite.
[----------] Global test environment set-up.
[----------] 1 test from DwarfParserTest
[ RUN      ] DwarfParserTest.ReadsULEB128Correctly
[       OK ] DwarfParserTest.ReadsULEB128Correctly (0 ms)
[----------] 1 test from DwarfParserTest (0 ms total)

[----------] Global test environment tear-down
[==========] 1 test from 1 test suite ran. (0 ms total)
[  PASSED  ] 1 test.
<end of output>
Test time =   0.00 sec
----------------------------------------------------------
Test Passed.
"DwarfParserTest.ReadsULEB128Correctly" end time: Oct 22 19:53 CEST
"DwarfParserTest.ReadsULEB128Correctly" time elapsed: 00:00:00
----------------------------------------------------------

6/11 Testing: DwarfParserTest.ReadsSLEB128Correctly
6/11 Test: DwarfParserTest.ReadsSLEB128Correctly
Command: "/home/wojtekmal/informatyka/internships/jetbrains_application_lldb/build/bin/run_tests" "--gtest_filter=DwarfParserTest.ReadsSLEB128Correctly"
Directory: /home/wojtekmal/informatyka/internships/jetbrains_application_lldb/build
"DwarfParserTest.ReadsSLEB128Correctly" start time: Oct 22 19:53 CEST
Output:
----------------------------------------------------------
Running main() from /home/wojtekmal/informatyka/internships/jetbrains_application_lldb/build/_deps/googletest-src/googletest/src/gtest_main.cc
Note: Google Test filter = DwarfParserTest.ReadsSLEB128Correctly
[==========] Running 1 test from 1 test suite.
[----------] Global test environment set-up.
[----------] 1 test from DwarfParserTest
[ RUN      ] DwarfParserTest.ReadsSLEB128Correctly
[       OK ] DwarfParserTest.ReadsSLEB128Correctly (0 ms)
[----------] 1 test from DwarfParserTest (0 ms total)

[----------] Global test environment tear-down
[==========] 1 test from 1 test suite ran. (0 ms total)
[  PASSED  ] 1 test.
<end of output>
Test time =   0.00 sec
----------------------------------------------------------
Test Passed.
"DwarfParserTest.ReadsSLEB128Correctly" end time: Oct 22 19:53 CEST
"DwarfParserTest.ReadsSLEB128Correctly" time elapsed: 00:00:00
----------------------------------------------------------

7/11 Testing: DwarfParserTest.ReadsBytesCorrectly
7/11 Test: DwarfParserTest.ReadsBytesCorrectly
Command: "/home/wojtekmal/informatyka/internships/jetbrains_application_lldb/build/bin/run_tests" "--gtest_filter=DwarfParserTest.ReadsBytesCorrectly"
Directory: /home/wojtekmal/informatyka/internships/jetbrains_application_lldb/build
"DwarfParserTest.ReadsBytesCorrectly" start time: Oct 22 19:53 CEST
Output:
----------------------------------------------------------
Running main() from /home/wojtekmal/informatyka/internships/jetbrains_application_lldb/build/_deps/googletest-src/googletest/src/gtest_main.cc
Note: Google Test filter = DwarfParserTest.ReadsBytesCorrectly
[==========] Running 1 test from 1 test suite.
[----------] Global test environment set-up.
[----------] 1 test from DwarfParserTest
[ RUN      ] DwarfParserTest.ReadsBytesCorrectly
[       OK ] DwarfParserTest.ReadsBytesCorrectly (0 ms)
[----------] 1 test from DwarfParserTest (0 ms total)

[----------] Global test environment tear-down
[==========] 1 test from 1 test suite ran. (0 ms total)
[  PASSED  ] 1 test.
<end of output>
Test time =   0.00 sec
----------------------------------------------------------
Test Passed.
"DwarfParserTest.ReadsBytesCorrectly" end time: Oct 22 19:53 CEST
"DwarfParserTest.ReadsBytesCorrectly" time elapsed: 00:00:00
----------------------------------------------------------

8/11 Testing: DwarfParserTest.ReadsStringCorrectly
8/11 Test: DwarfParserTest.ReadsStringCorrectly
Command: "/home/wojtekmal/informatyka/internships/jetbrains_application_lldb/build/bin/run_tests" "--gtest_filter=DwarfParserTest.ReadsStringCorrectly"
Directory: /home/wojtekmal/informatyka/internships/jetbrains_application_lldb/build
"DwarfParserTest.ReadsStringCorrectly" start time: Oct 22 19:53 CEST
Output:
----------------------------------------------------------
Running main() from /home/wojtekmal/informatyka/internships/jetbrains_application_lldb/build/_deps/googletest-src/googletest/src/gtest_main.cc
Note: Google Test filter = DwarfParserTest.ReadsStringCorrectly
[==========] Running 1 test from 1 test suite.
[----------] Global test environment set-up.
[----------] 1 test from DwarfParserTest
[ RUN      ] DwarfParserTest.ReadsStringCorrectly
[       OK ] DwarfParserTest.ReadsStringCorrectly (0 ms)
[----------] 1 test from DwarfParserTest (0 ms total)

[----------] Global test environment tear-down
[==========] 1 test from 1 test suite ran. (0 ms total)
[  PASSED  ] 1 test.
<end of output>
Test time =   0.00 sec
----------------------------------------------------------
Test Passed.
"DwarfParserTest.ReadsStringCorrectly" end time: Oct 22 19:53 CEST
"DwarfParserTest.ReadsStringCorrectly" time elapsed: 00:00:00
----------------------------------------------------------

9/11 Testing: DwarfParserTest.ReadsAbbrevCorrectly
9/11 Test: DwarfParserTest.ReadsAbbrevCorrectly
Command: "/home/wojtekmal/informatyka/internships/jetbrains_application_lldb/build/bin/run_tests" "--gtest_filter=DwarfParserTest.ReadsAbbrevCorrectly"
Directory: /home/wojtekmal/informatyka/internships/jetbrains_application_lldb/build
"DwarfParserTest.ReadsAbbrevCorrectly" start time: Oct 22 19:53 CEST
Output:
----------------------------------------------------------
Running main() from /home/wojtekmal/informatyka/internships/jetbrains_application_lldb/build/_deps/googletest-src/googletest/src/gtest_main.cc
Note: Google Test filter = DwarfParserTest.ReadsAbbrevCorrectly
[==========] Running 1 test from 1 test suite.
[----------] Global test environment set-up.
[----------] 1 test from DwarfParserTest
[ RUN      ] DwarfParserTest.ReadsAbbrevCorrectly
[       OK ] DwarfParserTest.ReadsAbbrevCorrectly (0 ms)
[----------] 1 test from DwarfParserTest (0 ms total)

[----------] Global test environment tear-down
[==========] 1 test from 1 test suite ran. (0 ms total)
[  PASSED  ] 1 test.
<end of output>
Test time =   0.00 sec
----------------------------------------------------------
Test Passed.
"DwarfParserTest.ReadsAbbrevCorrectly" end time: Oct 22 19:53 CEST
"DwarfParserTest.ReadsAbbrevCorrectly" time elapsed: 00:00:00
----------------------------------------------------------

10/11 Testing: DwarfParserTest.ReadsCompilationUnitCorrectly
10/11 Test: DwarfParserTest.ReadsCompilationUnitCorrectly
Command: "/home/wojtekmal/informatyka/internships/jetbrains_application_lldb/build/bin/run_tests" "--gtest_filter=DwarfParserTest.ReadsCompilationUnitCorrectly"
Directory: /home/wojtekmal/informatyka/internships/jetbrains_application_lldb/build
"DwarfParserTest.ReadsCompilationUnitCorrectly" start time: Oct 22 19:53 CEST
Output:
----------------------------------------------------------
Running main() from /home/wojtekmal/informatyka/internships/jetbrains_application_lldb/build/_deps/googletest-src/googletest/src/gtest_main.cc
Note: Google Test filter = DwarfParserTest.ReadsCompilationUnitCorrectly
[==========] Running 1 test from 1 test suite.
[----------] Global test environment set-up.
[----------] 1 test from DwarfParserTest
[ RUN      ] DwarfParserTest.ReadsCompilationUnitCorrectly
[       OK ] DwarfParserTest.ReadsCompilationUnitCorrectly (0 ms)
[----------] 1 test from DwarfParserTest (0 ms total)

[----------] Global test environment tear-down
[==========] 1 test from 1 test suite ran. (0 ms total)
[  PASSED  ] 1 test.
<end of output>
Test time =   0.00 sec
----------------------------------------------------------
Test Passed.
"DwarfParserTest.ReadsCompilationUnitCorrectly" end time: Oct 22 19:53 CEST
"DwarfParserTest.ReadsCompilationUnitCorrectly" time elapsed: 00:00:00
----------------------------------------------------------

11/11 Testing: InvocationTest.CLIToolExecutesCorrectly
11/11 Test: InvocationTest.CLIToolExecutesCorrectly
Command: "/home/wojtekmal/informatyka/internships/jetbrains_application_lldb/build/bin/run_tests" "--gtest_filter=InvocationTest.CLIToolExecutesCorrectly"
Directory: /home/wojtekmal/informatyka/internships/jetbrains_application_lldb/build
"InvocationTest.CLIToolExecutesCorrectly" start time: Oct 22 19:53 CEST
Output:
----------------------------------------------------------
Running main() from /home/wojtekmal/informatyka/internships/jetbrains_application_lldb/build/_deps/googletest-src/googletest/src/gtest_main.cc
Note: Google Test filter = InvocationTest.CLIToolExecutesCorrectly
[==========] Running 1 test from 1 test suite.
[----------] Global test environment set-up.
[----------] 1 test from InvocationTest
[ RUN      ] InvocationTest.CLIToolExecutesCorrectly
[       OK ] InvocationTest.CLIToolExecutesCorrectly (0 ms)
[----------] 1 test from InvocationTest (0 ms total)

[----------] Global test environment tear-down
[==========] 1 test from 1 test suite ran. (0 ms total)
[  PASSED  ] 1 test.
<end of output>
Test time =   0.00 sec
----------------------------------------------------------
Test Passed.
"InvocationTest.CLIToolExecutesCorrectly" end time: Oct 22 19:53 CEST
"InvocationTest.CLIToolExecutesCorrectly" time elapsed: 00:00:00
----------------------------------------------------------

End testing: Oct 22 19:53 CEST
